c:\users\eantjoh5\onedrive för företag\gym arb\raster window\raster window\debug\vc140.pdb
c:\users\eantjoh5\onedrive för företag\gym arb\raster window\raster window\debug\vc140.idb
c:\users\eantjoh5\onedrive för företag\gym arb\raster window\raster window\debug\camera.obj
c:\users\eantjoh5\onedrive för företag\gym arb\raster window\raster window\debug\controller.obj
c:\users\eantjoh5\onedrive för företag\gym arb\raster window\raster window\debug\ddstextureloader.obj
c:\users\eantjoh5\onedrive för företag\gym arb\raster window\raster window\debug\dxbase.obj
c:\users\eantjoh5\onedrive för företag\gym arb\raster window\raster window\debug\game.obj
c:\users\eantjoh5\onedrive för företag\gym arb\raster window\raster window\debug\gameobject.obj
c:\users\eantjoh5\onedrive för företag\gym arb\raster window\raster window\debug\gametimer.obj
c:\users\eantjoh5\onedrive för företag\gym arb\raster window\raster window\debug\main.obj
c:\users\eantjoh5\onedrive för företag\gym arb\raster window\raster window\debug\material.obj
c:\users\eantjoh5\onedrive för företag\gym arb\raster window\raster window\debug\meshobject.obj
c:\users\eantjoh5\onedrive för företag\gym arb\raster window\raster window\debug\playerblock.obj
c:\users\eantjoh5\onedrive för företag\gym arb\raster window\raster window\debug\playermesh.obj
c:\users\eantjoh5\onedrive för företag\gym arb\raster window\raster window\debug\renderer.obj
c:\users\eantjoh5\onedrive för företag\gym arb\raster window\raster window\debug\systemclass.obj
c:\users\eantjoh5\onedrive för företag\gym arb\raster window\debug\pixelshader.cso
c:\users\eantjoh5\onedrive för företag\gym arb\raster window\debug\pixelshaderflat.cso
c:\users\eantjoh5\onedrive för företag\gym arb\raster window\debug\vertexshader.cso
c:\users\eantjoh5\onedrive för företag\gym arb\raster window\debug\vertexshaderflat.cso
c:\users\eantjoh5\onedrive för företag\gym arb\raster window\debug\raster window.ilk
c:\users\eantjoh5\onedrive för företag\gym arb\raster window\debug\raster window.exe
c:\users\eantjoh5\onedrive för företag\gym arb\raster window\debug\raster window.pdb
c:\users\eantjoh5\onedrive för företag\gym arb\raster window\raster window\debug\graphicsclass.obj
c:\users\eantjoh5\onedrive för företag\gym arb\raster window\raster window\debug\inputclass.obj
c:\users\eantjoh5\onedrive för företag\gym arb\raster window\raster window\debug\raster window.tlog\cl.command.1.tlog
c:\users\eantjoh5\onedrive för företag\gym arb\raster window\raster window\debug\raster window.tlog\cl.read.1.tlog
c:\users\eantjoh5\onedrive för företag\gym arb\raster window\raster window\debug\raster window.tlog\cl.write.1.tlog
c:\users\eantjoh5\onedrive för företag\gym arb\raster window\raster window\debug\raster window.tlog\fxc.command.1.tlog
c:\users\eantjoh5\onedrive för företag\gym arb\raster window\raster window\debug\raster window.tlog\fxc.read.1.tlog
c:\users\eantjoh5\onedrive för företag\gym arb\raster window\raster window\debug\raster window.tlog\fxc.write.1.tlog
c:\users\eantjoh5\onedrive för företag\gym arb\raster window\raster window\debug\raster window.tlog\link.command.1.tlog
c:\users\eantjoh5\onedrive för företag\gym arb\raster window\raster window\debug\raster window.tlog\link.read.1.tlog
c:\users\eantjoh5\onedrive för företag\gym arb\raster window\raster window\debug\raster window.tlog\link.write.1.tlog
c:\users\eantjoh5\onedrive för företag\gym arb\raster window\raster window\debug\raster window.tlog\raster window.write.1u.tlog
